{"total": {"lines":{"total":97,"covered":89,"skipped":0,"pct":91.75},"statements":{"total":98,"covered":89,"skipped":0,"pct":90.81},"functions":{"total":21,"covered":14,"skipped":0,"pct":66.66},"branches":{"total":46,"covered":34,"skipped":0,"pct":73.91},"branchesTrue":{"total":0,"covered":0,"skipped":0,"pct":100}}
,"/mnt/ext2/code/prompts/github/forks/ada-lang-io/src/components/AlireInstallInstructions/index.tsx": {"lines":{"total":42,"covered":35,"skipped":0,"pct":83.33},"functions":{"total":9,"covered":4,"skipped":0,"pct":44.44},"statements":{"total":42,"covered":35,"skipped":0,"pct":83.33},"branches":{"total":23,"covered":14,"skipped":0,"pct":60.86}}
,"/mnt/ext2/code/prompts/github/forks/ada-lang-io/src/components/AnnotatedOnly/index.tsx": {"lines":{"total":3,"covered":3,"skipped":0,"pct":100},"functions":{"total":1,"covered":1,"skipped":0,"pct":100},"statements":{"total":3,"covered":3,"skipped":0,"pct":100},"branches":{"total":0,"covered":0,"skipped":0,"pct":100}}
,"/mnt/ext2/code/prompts/github/forks/ada-lang-io/src/components/InfoHover/index.tsx": {"lines":{"total":6,"covered":6,"skipped":0,"pct":100},"functions":{"total":2,"covered":2,"skipped":0,"pct":100},"statements":{"total":6,"covered":6,"skipped":0,"pct":100},"branches":{"total":1,"covered":0,"skipped":0,"pct":0}}
,"/mnt/ext2/code/prompts/github/forks/ada-lang-io/src/components/MarginInfo/index.tsx": {"lines":{"total":13,"covered":13,"skipped":0,"pct":100},"functions":{"total":2,"covered":2,"skipped":0,"pct":100},"statements":{"total":13,"covered":13,"skipped":0,"pct":100},"branches":{"total":6,"covered":6,"skipped":0,"pct":100}}
,"/mnt/ext2/code/prompts/github/forks/ada-lang-io/src/components/MarginText/index.tsx": {"lines":{"total":6,"covered":6,"skipped":0,"pct":100},"functions":{"total":1,"covered":1,"skipped":0,"pct":100},"statements":{"total":6,"covered":6,"skipped":0,"pct":100},"branches":{"total":2,"covered":2,"skipped":0,"pct":100}}
,"/mnt/ext2/code/prompts/github/forks/ada-lang-io/src/components/NavbarItems/ArmAnnotations.tsx": {"lines":{"total":20,"covered":19,"skipped":0,"pct":95},"functions":{"total":5,"covered":3,"skipped":0,"pct":60},"statements":{"total":21,"covered":19,"skipped":0,"pct":90.47},"branches":{"total":8,"covered":6,"skipped":0,"pct":75}}
,"/mnt/ext2/code/prompts/github/forks/ada-lang-io/src/theme/Admonition/index.tsx": {"lines":{"total":7,"covered":7,"skipped":0,"pct":100},"functions":{"total":1,"covered":1,"skipped":0,"pct":100},"statements":{"total":7,"covered":7,"skipped":0,"pct":100},"branches":{"total":6,"covered":6,"skipped":0,"pct":100}}
}
